TN:
SF:/Users/zhaoaudi/Desktop/Test-tourismWeb/app.js
FN:48,(anonymous_0)
FN:53,(anonymous_1)
FNF:2
FNH:0
FNDA:0,(anonymous_0)
FNDA:0,(anonymous_1)
DA:2,1
DA:3,1
DA:4,1
DA:5,1
DA:6,1
DA:8,1
DA:9,1
DA:10,1
DA:11,1
DA:12,1
DA:13,1
DA:16,1
DA:17,1
DA:19,1
DA:20,1
DA:21,1
DA:22,1
DA:23,1
DA:25,1
DA:26,1
DA:29,1
DA:30,1
DA:31,1
DA:32,1
DA:34,1
DA:35,1
DA:36,1
DA:38,1
DA:39,1
DA:40,1
DA:41,1
DA:43,1
DA:44,1
DA:48,1
DA:49,0
DA:53,1
DA:55,0
DA:56,0
DA:59,0
DA:60,0
DA:66,1
LF:41
LH:36
BRDA:56,0,0,0
BRDA:56,0,1,0
BRDA:59,1,0,0
BRDA:59,1,1,0
BRF:4
BRH:0
end_of_record
TN:
SF:/Users/zhaoaudi/Desktop/Test-tourismWeb/models/orders.js
FNF:0
FNH:0
DA:1,1
DA:3,1
DA:12,1
LF:3
LH:3
BRF:0
BRH:0
end_of_record
TN:
SF:/Users/zhaoaudi/Desktop/Test-tourismWeb/models/tourisms.js
FNF:0
FNH:0
DA:1,1
DA:3,1
DA:10,1
LF:3
LH:3
BRF:0
BRH:0
end_of_record
TN:
SF:/Users/zhaoaudi/Desktop/Test-tourismWeb/routes/index.js
FN:5,(anonymous_0)
FNF:1
FNH:0
FNDA:0,(anonymous_0)
DA:1,1
DA:2,1
DA:5,1
DA:6,0
DA:9,1
LF:5
LH:4
BRF:0
BRH:0
end_of_record
TN:
SF:/Users/zhaoaudi/Desktop/Test-tourismWeb/routes/orders.js
FN:16,(anonymous_0)
FN:20,(anonymous_1)
FN:24,(anonymous_2)
FN:28,(anonymous_3)
FN:36,(anonymous_4)
FN:40,(anonymous_5)
FN:47,(anonymous_6)
FN:49,(anonymous_7)
FN:56,(anonymous_8)
FN:67,(anonymous_9)
FN:74,(anonymous_10)
FN:76,(anonymous_11)
FN:81,(anonymous_12)
FN:90,(anonymous_13)
FN:92,(anonymous_14)
FN:97,(anonymous_15)
FNF:16
FNH:11
FNDA:3,(anonymous_0)
FNDA:0,(anonymous_1)
FNDA:4,(anonymous_2)
FNDA:0,(anonymous_3)
FNDA:4,(anonymous_4)
FNDA:1,(anonymous_5)
FNDA:2,(anonymous_6)
FNDA:1,(anonymous_7)
FNDA:1,(anonymous_8)
FNDA:0,(anonymous_9)
FNDA:2,(anonymous_10)
FNDA:1,(anonymous_11)
FNDA:0,(anonymous_12)
FNDA:2,(anonymous_13)
FNDA:1,(anonymous_14)
FNDA:0,(anonymous_15)
DA:2,1
DA:3,1
DA:4,1
DA:5,1
DA:8,1
DA:10,1
DA:14,1
DA:16,1
DA:17,3
DA:20,1
DA:21,0
DA:24,1
DA:26,4
DA:28,4
DA:29,0
DA:30,0
DA:32,0
DA:36,1
DA:38,4
DA:40,4
DA:41,1
DA:42,1
DA:44,0
DA:47,1
DA:49,2
DA:50,1
DA:51,1
DA:53,0
DA:56,1
DA:58,1
DA:60,1
DA:62,1
DA:63,1
DA:64,1
DA:65,1
DA:67,1
DA:68,0
DA:69,0
DA:71,0
DA:74,1
DA:76,2
DA:77,1
DA:78,1
DA:80,0
DA:81,0
DA:82,0
DA:83,0
DA:85,0
DA:90,1
DA:92,2
DA:93,1
DA:94,1
DA:96,0
DA:97,0
DA:98,0
DA:99,0
DA:101,0
DA:108,1
LF:58
LH:39
BRDA:29,0,0,0
BRDA:29,0,1,0
BRDA:41,1,0,1
BRDA:41,1,1,0
BRDA:50,2,0,1
BRDA:50,2,1,0
BRDA:68,3,0,0
BRDA:68,3,1,0
BRDA:77,4,0,1
BRDA:77,4,1,0
BRDA:82,5,0,0
BRDA:82,5,1,0
BRDA:93,6,0,1
BRDA:93,6,1,0
BRDA:98,7,0,0
BRDA:98,7,1,0
BRF:16
BRH:4
end_of_record
TN:
SF:/Users/zhaoaudi/Desktop/Test-tourismWeb/routes/search.js
FN:16,(anonymous_0)
FN:22,(anonymous_1)
FNF:2
FNH:1
FNDA:1,(anonymous_0)
FNDA:0,(anonymous_1)
DA:2,1
DA:3,1
DA:4,1
DA:5,1
DA:8,1
DA:10,1
DA:16,1
DA:18,1
DA:20,1
DA:22,1
DA:23,0
DA:24,0
DA:26,0
DA:29,1
LF:14
LH:11
BRDA:23,0,0,0
BRDA:23,0,1,0
BRF:2
BRH:0
end_of_record
TN:
SF:/Users/zhaoaudi/Desktop/Test-tourismWeb/routes/tourisms.js
FN:16,(anonymous_0)
FN:20,(anonymous_1)
FN:24,(anonymous_2)
FN:28,(anonymous_3)
FN:36,(anonymous_4)
FN:40,(anonymous_5)
FN:49,(anonymous_6)
FN:59,(anonymous_7)
FN:68,(anonymous_8)
FN:70,(anonymous_9)
FN:75,(anonymous_10)
FN:84,(anonymous_11)
FN:86,(anonymous_12)
FN:91,(anonymous_13)
FN:101,(anonymous_14)
FN:103,(anonymous_15)
FNF:16
FNH:11
FNDA:3,(anonymous_0)
FNDA:0,(anonymous_1)
FNDA:3,(anonymous_2)
FNDA:0,(anonymous_3)
FNDA:4,(anonymous_4)
FNDA:1,(anonymous_5)
FNDA:1,(anonymous_6)
FNDA:0,(anonymous_7)
FNDA:2,(anonymous_8)
FNDA:1,(anonymous_9)
FNDA:0,(anonymous_10)
FNDA:2,(anonymous_11)
FNDA:1,(anonymous_12)
FNDA:0,(anonymous_13)
FNDA:2,(anonymous_14)
FNDA:1,(anonymous_15)
DA:2,1
DA:3,1
DA:4,1
DA:5,1
DA:8,1
DA:10,1
DA:14,1
DA:16,1
DA:17,3
DA:20,1
DA:21,0
DA:24,1
DA:26,3
DA:28,3
DA:29,0
DA:30,0
DA:32,0
DA:36,1
DA:38,4
DA:40,4
DA:41,1
DA:42,1
DA:44,0
DA:49,1
DA:51,1
DA:53,1
DA:55,1
DA:56,1
DA:57,1
DA:59,1
DA:60,0
DA:61,0
DA:63,0
DA:68,1
DA:70,2
DA:71,1
DA:72,1
DA:74,0
DA:75,0
DA:76,0
DA:77,0
DA:79,0
DA:84,1
DA:86,2
DA:87,1
DA:88,1
DA:90,0
DA:91,0
DA:92,0
DA:93,0
DA:95,0
DA:101,1
DA:103,2
DA:104,1
DA:105,1
DA:107,0
DA:113,1
LF:57
LH:38
BRDA:29,0,0,0
BRDA:29,0,1,0
BRDA:41,1,0,1
BRDA:41,1,1,0
BRDA:60,2,0,0
BRDA:60,2,1,0
BRDA:71,3,0,1
BRDA:71,3,1,0
BRDA:76,4,0,0
BRDA:76,4,1,0
BRDA:87,5,0,1
BRDA:87,5,1,0
BRDA:92,6,0,0
BRDA:92,6,1,0
BRDA:104,7,0,1
BRDA:104,7,1,0
BRF:16
BRH:4
end_of_record
TN:
SF:/Users/zhaoaudi/Desktop/Test-tourismWeb/routes/users.js
FN:5,(anonymous_0)
FNF:1
FNH:0
FNDA:0,(anonymous_0)
DA:1,1
DA:2,1
DA:5,1
DA:6,0
DA:9,1
LF:5
LH:4
BRF:0
BRH:0
end_of_record
